<?xml version="1.0" encoding="UTF-8"?>
<!-- Generated by org.testng.reporters.JUnitReportReporter -->
<testsuite hostname="DESKTOP-O25JN91" failures="0" tests="4" name="Tests.MikodTest" time="13.442" errors="0" timestamp="2023-11-12T12:59:25 IST" skipped="0">
  <testcase classname="Tests.MikodTest" name="tc04_MikodNum" time="0.116"/>
  <system-out/>
  <testcase classname="Tests.MikodTest" name="tc02_MoveToMikodSearch" time="3.439"/>
  <system-out/>
  <testcase classname="Tests.MikodTest" name="tc03_MikodSearch" time="3.683"/>
  <system-out/>
  <testcase classname="Tests.MikodTest" name="tc01_popup" time="6.204"/>
  <system-out/>
</testsuite> <!-- Tests.MikodTest -->
