<?xml version="1.0" encoding="UTF-8"?>
<!-- Generated by org.testng.reporters.JUnitReportReporter -->
<testsuite hostname="DESKTOP-O25JN91" failures="0" tests="3" name="Tests.LoginTest" time="16.805" errors="0" timestamp="2023-11-07T16:22:40 IST" skipped="0">
  <testcase classname="Tests.LoginTest" name="tc01_popup" time="6.205"/>
  <system-out/>
  <testcase classname="Tests.LoginTest" name="tc04_DeshbordNew" time="8.840"/>
  <system-out/>
  <testcase classname="Tests.LoginTest" name="tc02_OpenMenu" time="1.760"/>
  <system-out/>
</testsuite> <!-- Tests.LoginTest -->
