<?xml version="1.0" encoding="UTF-8"?>
<!-- Generated by org.testng.reporters.JUnitReportReporter -->
<testsuite hostname="DESKTOP-O25JN91" failures="0" tests="6" name="test.BussinesSerarchTest" time="28.131" errors="0" timestamp="2023-11-18T14:01:26 IST" skipped="0">
  <testcase classname="test.BussinesSerarchTest" name="tc05_BussinesResults" time="6.106"/>
  <system-out/>
  <testcase classname="test.BussinesSerarchTest" name="tc01_popup" time="6.187"/>
  <system-out/>
  <testcase classname="test.BussinesSerarchTest" name="tc02_bussinesSearch" time="3.238"/>
  <system-out/>
  <testcase classname="test.BussinesSerarchTest" name="tc03_bussinesResults" time="6.093"/>
  <system-out/>
  <testcase classname="test.BussinesSerarchTest" name="tc04_filterBar" time="3.163"/>
  <system-out/>
  <testcase classname="test.BussinesSerarchTest" name="tc06_bussinesList" time="3.344"/>
  <system-out/>
</testsuite> <!-- test.BussinesSerarchTest -->
