<?xml version="1.0" encoding="UTF-8"?>
<!-- Generated by org.testng.reporters.JUnitReportReporter -->
<testsuite hostname="DESKTOP-O25JN91" failures="0" tests="5" name="Tests.ContactUsTest" time="15.581" errors="0" timestamp="2023-11-08T19:04:30 IST" skipped="0">
  <testcase classname="Tests.ContactUsTest" name="tc05FinishMsg" time="0.078"/>
  <system-out/>
  <testcase classname="Tests.ContactUsTest" name="tc04ContatUs" time="4.824"/>
  <system-out/>
  <testcase classname="Tests.ContactUsTest" name="tc02_popup" time="0.352"/>
  <system-out/>
  <testcase classname="Tests.ContactUsTest" name="tc01_popup" time="6.201"/>
  <system-out/>
  <testcase classname="Tests.ContactUsTest" name="tc03_General" time="4.126"/>
  <system-out/>
</testsuite> <!-- Tests.ContactUsTest -->
